mode: count
github.com/Yandex-Practicum/go-db-sql-final/main.go:29.56,31.2 1 0
github.com/Yandex-Practicum/go-db-sql-final/main.go:33.77,42.16 3 0
github.com/Yandex-Practicum/go-db-sql-final/main.go:42.16,44.3 1 0
github.com/Yandex-Practicum/go-db-sql-final/main.go:46.2,51.20 3 0
github.com/Yandex-Practicum/go-db-sql-final/main.go:54.61,56.16 2 0
github.com/Yandex-Practicum/go-db-sql-final/main.go:56.16,58.3 1 0
github.com/Yandex-Practicum/go-db-sql-final/main.go:60.2,61.33 2 0
github.com/Yandex-Practicum/go-db-sql-final/main.go:61.33,64.3 1 0
github.com/Yandex-Practicum/go-db-sql-final/main.go:66.2,68.12 2 0
github.com/Yandex-Practicum/go-db-sql-final/main.go:71.53,73.16 2 0
github.com/Yandex-Practicum/go-db-sql-final/main.go:73.16,75.3 1 0
github.com/Yandex-Practicum/go-db-sql-final/main.go:77.2,78.23 2 0
github.com/Yandex-Practicum/go-db-sql-final/main.go:79.30,80.32 1 0
github.com/Yandex-Practicum/go-db-sql-final/main.go:81.24,82.37 1 0
github.com/Yandex-Practicum/go-db-sql-final/main.go:83.29,84.13 1 0
github.com/Yandex-Practicum/go-db-sql-final/main.go:87.2,89.46 2 0
github.com/Yandex-Practicum/go-db-sql-final/main.go:92.72,94.2 1 0
github.com/Yandex-Practicum/go-db-sql-final/main.go:96.49,98.2 1 0
github.com/Yandex-Practicum/go-db-sql-final/main.go:100.13,103.16 2 0
github.com/Yandex-Practicum/go-db-sql-final/main.go:103.16,106.3 2 0
github.com/Yandex-Practicum/go-db-sql-final/main.go:108.2,117.16 7 0
github.com/Yandex-Practicum/go-db-sql-final/main.go:117.16,120.3 2 0
github.com/Yandex-Practicum/go-db-sql-final/main.go:123.2,125.16 3 0
github.com/Yandex-Practicum/go-db-sql-final/main.go:125.16,128.3 2 0
github.com/Yandex-Practicum/go-db-sql-final/main.go:131.2,132.16 2 0
github.com/Yandex-Practicum/go-db-sql-final/main.go:132.16,135.3 2 0
github.com/Yandex-Practicum/go-db-sql-final/main.go:138.2,139.16 2 0
github.com/Yandex-Practicum/go-db-sql-final/main.go:139.16,142.3 2 0
github.com/Yandex-Practicum/go-db-sql-final/main.go:145.2,146.16 2 0
github.com/Yandex-Practicum/go-db-sql-final/main.go:146.16,149.3 2 0
github.com/Yandex-Practicum/go-db-sql-final/main.go:153.2,154.16 2 0
github.com/Yandex-Practicum/go-db-sql-final/main.go:154.16,157.3 2 0
github.com/Yandex-Practicum/go-db-sql-final/main.go:160.2,161.16 2 0
github.com/Yandex-Practicum/go-db-sql-final/main.go:161.16,164.3 2 0
github.com/Yandex-Practicum/go-db-sql-final/main.go:167.2,168.16 2 0
github.com/Yandex-Practicum/go-db-sql-final/main.go:168.16,171.3 2 0
github.com/Yandex-Practicum/go-db-sql-final/main.go:175.2,176.16 2 0
github.com/Yandex-Practicum/go-db-sql-final/main.go:176.16,179.3 2 0
github.com/Yandex-Practicum/go-db-sql-final/parcel.go:11.45,13.2 1 4
github.com/Yandex-Practicum/go-db-sql-final/parcel.go:15.49,22.16 2 6
github.com/Yandex-Practicum/go-db-sql-final/parcel.go:22.16,24.3 1 0
github.com/Yandex-Practicum/go-db-sql-final/parcel.go:25.2,26.16 2 6
github.com/Yandex-Practicum/go-db-sql-final/parcel.go:26.16,28.3 1 0
github.com/Yandex-Practicum/go-db-sql-final/parcel.go:30.2,30.21 1 6
github.com/Yandex-Practicum/go-db-sql-final/parcel.go:33.54,42.16 4 4
github.com/Yandex-Practicum/go-db-sql-final/parcel.go:42.16,44.3 1 1
github.com/Yandex-Practicum/go-db-sql-final/parcel.go:45.2,45.15 1 3
github.com/Yandex-Practicum/go-db-sql-final/parcel.go:48.64,56.16 3 1
github.com/Yandex-Practicum/go-db-sql-final/parcel.go:56.16,58.3 1 0
github.com/Yandex-Practicum/go-db-sql-final/parcel.go:59.2,61.18 2 1
github.com/Yandex-Practicum/go-db-sql-final/parcel.go:61.18,65.17 3 3
github.com/Yandex-Practicum/go-db-sql-final/parcel.go:65.17,67.4 1 0
github.com/Yandex-Practicum/go-db-sql-final/parcel.go:69.3,69.23 1 3
github.com/Yandex-Practicum/go-db-sql-final/parcel.go:72.2,72.34 1 1
github.com/Yandex-Practicum/go-db-sql-final/parcel.go:72.34,74.3 1 0
github.com/Yandex-Practicum/go-db-sql-final/parcel.go:76.2,76.17 1 1
github.com/Yandex-Practicum/go-db-sql-final/parcel.go:79.65,85.16 2 1
github.com/Yandex-Practicum/go-db-sql-final/parcel.go:85.16,87.3 1 0
github.com/Yandex-Practicum/go-db-sql-final/parcel.go:89.2,89.12 1 1
github.com/Yandex-Practicum/go-db-sql-final/parcel.go:92.67,100.16 2 1
github.com/Yandex-Practicum/go-db-sql-final/parcel.go:100.16,102.3 1 0
github.com/Yandex-Practicum/go-db-sql-final/parcel.go:104.2,104.12 1 1
github.com/Yandex-Practicum/go-db-sql-final/parcel.go:107.47,114.16 2 1
github.com/Yandex-Practicum/go-db-sql-final/parcel.go:114.16,116.3 1 0
github.com/Yandex-Practicum/go-db-sql-final/parcel.go:118.2,118.12 1 1
